<?xml version="1.0" encoding="UTF-8"?>
<testng-results total="5" passed="5" failed="0" skipped="0">
  <reporter-output>
  </reporter-output>
  <suite started-at="2021-09-01T02:07:44Z" name="Lambdatest Suite" finished-at="2021-09-01T02:08:36Z" duration-ms="51794">
    <groups>
    </groups>
    <test started-at="2021-09-01T02:07:44Z" name="Test1" finished-at="2021-09-01T02:08:36Z" duration-ms="51794">
      <class name="com.lambdatest.Tests.ParallelTest">
        <test-method is-config="true" signature="setUp(java.lang.String, java.lang.String, java.lang.String)[pri:0, instance:com.lambdatest.Tests.ParallelTest@59fd97a8]" started-at="2021-09-01T02:07:44Z" name="setUp" finished-at="2021-09-01T02:07:50Z" duration-ms="5312" status="PASS">
          <params>
            <param index="0">
              <value>
                <![CDATA[Chrome]]>
              </value>
            </param>
            <param index="1">
              <value>
                <![CDATA[85.0]]>
              </value>
            </param>
            <param index="2">
              <value>
                <![CDATA[macOS Catalina]]>
              </value>
            </param>
          </params>
          <reporter-output>
          </reporter-output>
        </test-method> <!-- setUp -->
        <test-method signature="test01()[pri:0, instance:com.lambdatest.Tests.ParallelTest@59fd97a8]" started-at="2021-09-01T02:07:50Z" name="test01" finished-at="2021-09-01T02:08:03Z" duration-ms="13531" status="PASS">
          <reporter-output>
          </reporter-output>
        </test-method> <!-- test01 -->
        <test-method signature="test02()[pri:0, instance:com.lambdatest.Tests.ParallelTest@59fd97a8]" started-at="2021-09-01T02:08:03Z" name="test02" finished-at="2021-09-01T02:08:10Z" duration-ms="6387" status="PASS">
          <reporter-output>
          </reporter-output>
        </test-method> <!-- test02 -->
        <test-method signature="test03()[pri:0, instance:com.lambdatest.Tests.ParallelTest@59fd97a8]" started-at="2021-09-01T02:08:10Z" name="test03" finished-at="2021-09-01T02:08:19Z" duration-ms="8958" status="PASS">
          <reporter-output>
          </reporter-output>
        </test-method> <!-- test03 -->
        <test-method signature="test04()[pri:0, instance:com.lambdatest.Tests.ParallelTest@59fd97a8]" started-at="2021-09-01T02:08:19Z" name="test04" finished-at="2021-09-01T02:08:26Z" duration-ms="7801" status="PASS">
          <reporter-output>
          </reporter-output>
        </test-method> <!-- test04 -->
        <test-method signature="test05()[pri:0, instance:com.lambdatest.Tests.ParallelTest@59fd97a8]" started-at="2021-09-01T02:08:26Z" name="test05" finished-at="2021-09-01T02:08:35Z" duration-ms="9133" status="PASS">
          <reporter-output>
          </reporter-output>
        </test-method> <!-- test05 -->
        <test-method is-config="true" signature="tearDown()[pri:0, instance:com.lambdatest.Tests.ParallelTest@59fd97a8]" started-at="2021-09-01T02:08:35Z" name="tearDown" finished-at="2021-09-01T02:08:36Z" duration-ms="662" status="PASS">
          <reporter-output>
          </reporter-output>
        </test-method> <!-- tearDown -->
      </class> <!-- com.lambdatest.Tests.ParallelTest -->
    </test> <!-- Test1 -->
  </suite> <!-- Lambdatest Suite -->
</testng-results>
