<?xml version="1.0" encoding="UTF-8"?>
<!-- Generated by org.testng.reporters.JUnitXMLReporter -->
<testsuite hostname="ws-ea1c93e2-1785-49e8-849d-a641549b685d" failures="0" tests="5" name="Test1" time="51.794" errors="0" timestamp="1 Sep 2021 02:08:36 GMT">
  <testcase classname="com.lambdatest.Tests.ParallelTest" name="test01" time="13.531"/>
  <testcase classname="com.lambdatest.Tests.ParallelTest" name="test02" time="6.387"/>
  <testcase classname="com.lambdatest.Tests.ParallelTest" name="test03" time="8.958"/>
  <testcase classname="com.lambdatest.Tests.ParallelTest" name="test04" time="7.801"/>
  <testcase classname="com.lambdatest.Tests.ParallelTest" name="test05" time="9.133"/>
</testsuite> <!-- Test1 -->
